build/app/intermediates/manifest_merge_blame_file/devRelease/manifest-merger-blame-dev-release-report.txt
1<?xml version="1.0" encoding="utf-8"?>
2<manifest xmlns:android="http://schemas.android.com/apk/res/android"
3    package="com.odlay.eservices.ServicesApp"
4    android:versionCode="254"
5    android:versionName="2.5.4" >
6
7    <uses-sdk
8        android:minSdkVersion="21"
8-->src/main/AndroidManifest.xml
9        android:targetSdkVersion="33" />
9-->src/main/AndroidManifest.xml
10
11    <uses-permission android:name="android.permission.ACCESS_NETWORK_STATE" />
11-->src/main/AndroidManifest.xml:4:5-79
11-->src/main/AndroidManifest.xml:4:22-76
12    <uses-permission android:name="android.permission.ACCESS_COARSE_LOCATION" />
12-->src/main/AndroidManifest.xml:5:5-81
12-->src/main/AndroidManifest.xml:5:22-78
13    <uses-permission android:name="android.permission.ACCESS_FINE_LOCATION" />
13-->src/main/AndroidManifest.xml:6:5-79
13-->src/main/AndroidManifest.xml:6:22-76
14    <uses-permission android:name="android.permission.CAMERA" />
14-->src/main/AndroidManifest.xml:7:5-65
14-->src/main/AndroidManifest.xml:7:22-62
15    <uses-permission android:name="android.permission.FOREGROUND_SERVICE" />
15-->src/main/AndroidManifest.xml:8:5-77
15-->src/main/AndroidManifest.xml:8:22-74
16    <uses-permission android:name="com.google.android.gms.permission.AD_ID" />
16-->src/main/AndroidManifest.xml:9:5-78
16-->src/main/AndroidManifest.xml:9:22-76
17
18    <uses-feature android:name="android.hardware.camera" />
18-->src/main/AndroidManifest.xml:10:5-60
18-->src/main/AndroidManifest.xml:10:19-57
19
20    <uses-permission android:name="android.permission.INTERNET" />
20-->[:firebase_messaging] AndroidManifest.xml:9:5-67
20-->[:firebase_messaging] AndroidManifest.xml:9:22-64
21    <uses-permission android:name="android.permission.WAKE_LOCK" /> <!-- Permissions options for the `notification` group -->
21-->[:firebase_messaging] AndroidManifest.xml:10:5-68
21-->[:firebase_messaging] AndroidManifest.xml:10:22-65
22    <uses-permission android:name="android.permission.POST_NOTIFICATIONS" />
22-->[:firebase_messaging] AndroidManifest.xml:13:5-77
22-->[:firebase_messaging] AndroidManifest.xml:13:22-74
23    <uses-permission android:name="android.permission.RECEIVE_BOOT_COMPLETED" />
23-->[:flutter_local_notifications] AndroidManifest.xml:9:5-81
23-->[:flutter_local_notifications] AndroidManifest.xml:9:22-78
24    <uses-permission android:name="android.permission.VIBRATE" />
24-->[:flutter_local_notifications] AndroidManifest.xml:10:5-66
24-->[:flutter_local_notifications] AndroidManifest.xml:10:22-63
25    <uses-permission android:name="android.permission.USE_FULL_SCREEN_INTENT" />
25-->[:flutter_local_notifications] AndroidManifest.xml:11:5-81
25-->[:flutter_local_notifications] AndroidManifest.xml:11:22-78
26    <uses-permission android:name="android.permission.SCHEDULE_EXACT_ALARM" />
26-->[:flutter_local_notifications] AndroidManifest.xml:12:5-79
26-->[:flutter_local_notifications] AndroidManifest.xml:12:22-76
27    <uses-permission android:name="android.permission.READ_EXTERNAL_STORAGE" />
27-->[:file_picker] AndroidManifest.xml:9:5-80
27-->[:file_picker] AndroidManifest.xml:9:22-77
28
29    <queries>
29-->[:file_picker] AndroidManifest.xml:11:5-17:15
30        <intent>
30-->[:file_picker] AndroidManifest.xml:12:9-16:18
31            <action android:name="android.intent.action.GET_CONTENT" />
31-->[:file_picker] AndroidManifest.xml:13:13-72
31-->[:file_picker] AndroidManifest.xml:13:21-69
32
33            <data android:mimeType="*/*" />
33-->[:file_picker] AndroidManifest.xml:15:13-44
33-->[:file_picker] AndroidManifest.xml:15:19-41
34        </intent>
35        <!-- Added to check the default browser that will host the AuthFlow. -->
36        <intent>
36-->[com.stripe:financial-connections:20.25.8] AndroidManifest.xml:13:9-17:18
37            <action android:name="android.intent.action.VIEW" />
37-->[com.stripe:link:20.25.8] AndroidManifest.xml:21:17-69
37-->[com.stripe:link:20.25.8] AndroidManifest.xml:21:25-66
38
39            <data android:scheme="http" />
39-->[:file_picker] AndroidManifest.xml:15:13-44
40        </intent> <!-- Added to check if Chrome is installed for browser-based payment authentication (e.g. 3DS1). -->
41        <package android:name="com.android.chrome" />
41-->[com.stripe:payments-core:20.25.8] AndroidManifest.xml:11:9-54
41-->[com.stripe:payments-core:20.25.8] AndroidManifest.xml:11:18-51
42        <package android:name="com.facebook.katana" /> <!-- Needs to be explicitly declared on Android R+ -->
42-->[com.facebook.android:facebook-common:16.2.0] AndroidManifest.xml:18:9-55
42-->[com.facebook.android:facebook-common:16.2.0] AndroidManifest.xml:18:18-52
43        <package android:name="com.google.android.apps.maps" />
43-->[com.google.android.gms:play-services-maps:18.1.0] AndroidManifest.xml:33:9-64
43-->[com.google.android.gms:play-services-maps:18.1.0] AndroidManifest.xml:33:18-61
44    </queries>
45
46    <uses-permission android:name="android.permission.ACCESS_WIFI_STATE" /> <!-- Required by older versions of Google Play services to create IID tokens -->
46-->[com.google.android.libraries.places:places:2.4.0] AndroidManifest.xml:10:5-76
46-->[com.google.android.libraries.places:places:2.4.0] AndroidManifest.xml:10:22-73
47    <uses-permission android:name="com.google.android.c2dm.permission.RECEIVE" />
47-->[com.google.firebase:firebase-iid:21.1.0] AndroidManifest.xml:26:5-82
47-->[com.google.firebase:firebase-iid:21.1.0] AndroidManifest.xml:26:22-79
48
49    <uses-feature
49-->[com.google.android.gms:play-services-maps:18.1.0] AndroidManifest.xml:26:5-28:35
50        android:glEsVersion="0x00020000"
50-->[com.google.android.gms:play-services-maps:18.1.0] AndroidManifest.xml:27:9-41
51        android:required="true" />
51-->[com.google.android.gms:play-services-maps:18.1.0] AndroidManifest.xml:28:9-32
52
53    <permission
53-->[androidx.core:core:1.10.1] AndroidManifest.xml:22:5-24:47
54        android:name="com.odlay.eservices.ServicesApp.DYNAMIC_RECEIVER_NOT_EXPORTED_PERMISSION"
54-->[androidx.core:core:1.10.1] AndroidManifest.xml:23:9-81
55        android:protectionLevel="signature" />
55-->[androidx.core:core:1.10.1] AndroidManifest.xml:24:9-44
56
57    <uses-permission android:name="com.odlay.eservices.ServicesApp.DYNAMIC_RECEIVER_NOT_EXPORTED_PERMISSION" />
57-->[androidx.core:core:1.10.1] AndroidManifest.xml:26:5-97
57-->[androidx.core:core:1.10.1] AndroidManifest.xml:26:22-94
58    <uses-permission android:name="com.google.android.finsky.permission.BIND_GET_INSTALL_REFERRER_SERVICE" />
58-->[com.android.installreferrer:installreferrer:1.0] AndroidManifest.xml:9:5-110
58-->[com.android.installreferrer:installreferrer:1.0] AndroidManifest.xml:9:22-107
59
60    <application
61        android:name="android.app.Application"
61-->src/main/AndroidManifest.xml:15:9-42
62        android:allowBackup="false"
62-->src/main/AndroidManifest.xml:17:9-36
63        android:appComponentFactory="androidx.core.app.CoreComponentFactory"
63-->[androidx.core:core:1.10.1] AndroidManifest.xml:28:18-86
64        android:icon="@mipmap/ic_launcher"
64-->src/main/AndroidManifest.xml:18:9-43
65        android:label="Odlay Services"
65-->src/main/AndroidManifest.xml:14:9-39
66        android:networkSecurityConfig="@xml/network_security_config"
66-->src/main/AndroidManifest.xml:16:9-69
67        android:supportsRtl="true" >
67-->[com.facebook.android:facebook-android-sdk:16.2.0] AndroidManifest.xml:16:18-44
68        <meta-data
68-->src/main/AndroidManifest.xml:19:8-106
69            android:name="com.facebook.sdk.ApplicationId"
69-->src/main/AndroidManifest.xml:19:19-64
70            android:value="@string/facebook_app_id" />
70-->src/main/AndroidManifest.xml:19:65-104
71        <meta-data
71-->src/main/AndroidManifest.xml:20:8-110
72            android:name="com.facebook.sdk.ClientToken"
72-->src/main/AndroidManifest.xml:20:19-62
73            android:value="@string/facebook_client_token" />
73-->src/main/AndroidManifest.xml:20:63-108
74        <meta-data
74-->src/main/AndroidManifest.xml:21:8-23:35
75            android:name="com.facebook.sdk.AutoLogAppEventsEnabled"
75-->src/main/AndroidManifest.xml:22:12-67
76            android:value="true" />
76-->src/main/AndroidManifest.xml:23:12-32
77        <meta-data
77-->src/main/AndroidManifest.xml:24:8-26:35
78            android:name="com.facebook.sdk.CodelessDebugLogEnabled"
78-->src/main/AndroidManifest.xml:25:12-67
79            android:value="true" />
79-->src/main/AndroidManifest.xml:26:12-32
80
81        <activity
81-->src/main/AndroidManifest.xml:27:9-55:20
82            android:name="com.odlay.eservices.ServicesApp.MainActivity"
82-->src/main/AndroidManifest.xml:28:13-41
83            android:allowBackup="false"
83-->src/main/AndroidManifest.xml:31:13-40
84            android:configChanges="orientation|keyboardHidden|keyboard|screenSize|smallestScreenSize|locale|layoutDirection|fontScale|screenLayout|density|uiMode"
84-->src/main/AndroidManifest.xml:34:13-163
85            android:exported="true"
85-->src/main/AndroidManifest.xml:29:13-36
86            android:hardwareAccelerated="true"
86-->src/main/AndroidManifest.xml:35:13-47
87            android:largeHeap="true"
87-->src/main/AndroidManifest.xml:30:13-37
88            android:launchMode="singleTop"
88-->src/main/AndroidManifest.xml:32:13-43
89            android:theme="@style/LaunchTheme"
89-->src/main/AndroidManifest.xml:33:13-47
90            android:windowSoftInputMode="adjustResize" >
90-->src/main/AndroidManifest.xml:36:13-55
91
92            <!--
93                 Specifies an Android theme to apply to this Activity as soon as
94                 the Android process has started. This theme is visible to the user
95                 while the Flutter UI initializes. After that, this theme continues
96                 to determine the Window background behind the Flutter UI.
97            -->
98            <meta-data
98-->src/main/AndroidManifest.xml:41:13-44:17
99                android:name="io.flutter.embedding.android.NormalTheme"
99-->src/main/AndroidManifest.xml:42:15-70
100                android:resource="@style/NormalTheme" />
100-->src/main/AndroidManifest.xml:43:15-52
101
102            <intent-filter>
102-->src/main/AndroidManifest.xml:47:13-50:29
103                <action android:name="android.intent.action.MAIN" />
103-->src/main/AndroidManifest.xml:48:17-68
103-->src/main/AndroidManifest.xml:48:25-66
104
105                <category android:name="android.intent.category.LAUNCHER" />
105-->src/main/AndroidManifest.xml:49:17-76
105-->src/main/AndroidManifest.xml:49:27-74
106            </intent-filter>
107            <intent-filter>
107-->src/main/AndroidManifest.xml:51:13-54:29
108                <action android:name="FLUTTER_NOTIFICATION_CLICK" />
108-->src/main/AndroidManifest.xml:52:13-65
108-->src/main/AndroidManifest.xml:52:21-62
109
110                <category android:name="android.intent.category.DEFAULT" />
110-->src/main/AndroidManifest.xml:53:13-72
110-->src/main/AndroidManifest.xml:53:23-69
111            </intent-filter>
112        </activity>
113
114        <!--
115             Don't delete the meta-data below.
116             This is used by the Flutter tool to generate GeneratedPluginRegistrant.java
117        -->
118        <meta-data
118-->src/main/AndroidManifest.xml:59:9-61:33
119            android:name="flutterEmbedding"
119-->src/main/AndroidManifest.xml:60:13-44
120            android:value="2" />
120-->src/main/AndroidManifest.xml:61:13-30
121        <meta-data
121-->src/main/AndroidManifest.xml:62:13-64:63
122            android:name="com.google.android.geo.API_KEY"
122-->src/main/AndroidManifest.xml:63:5-50
123            android:value="AIzaSyCOPPLBfnEr43Ryb2MzYvBB34XTMiRQZfo" />
123-->src/main/AndroidManifest.xml:64:5-60
124        <meta-data
124-->src/main/AndroidManifest.xml:65:5-67:32
125            android:name="com.google.firebase.messaging.default_notification_channel_id"
125-->src/main/AndroidManifest.xml:66:9-85
126            android:value="Odlo" />
126-->src/main/AndroidManifest.xml:67:9-29
127
128        <service
128-->src/main/AndroidManifest.xml:68:9-75:11
129            android:name="com.google.firebase.messaging.FirebaseMessagingService"
129-->src/main/AndroidManifest.xml:69:5-74
130            android:directBootAware="true"
130-->[com.google.firebase:firebase-messaging:23.2.0] AndroidManifest.xml:46:13-43
131            android:exported="false" >
131-->src/main/AndroidManifest.xml:70:5-29
132            <intent-filter>
132-->src/main/AndroidManifest.xml:71:5-73:21
133                <action android:name="com.google.firebase.MESSAGING_EVENT" />
133-->src/main/AndroidManifest.xml:72:9-70
133-->src/main/AndroidManifest.xml:72:17-67
134            </intent-filter>
135            <intent-filter android:priority="-500" >
135-->src/main/AndroidManifest.xml:71:5-73:21
136                <action android:name="com.google.firebase.MESSAGING_EVENT" />
136-->src/main/AndroidManifest.xml:72:9-70
136-->src/main/AndroidManifest.xml:72:17-67
137            </intent-filter>
138        </service>
139
140        <provider
140-->src/main/AndroidManifest.xml:76:8-79:37
141            android:name="com.facebook.FacebookContentProvider"
141-->src/main/AndroidManifest.xml:77:12-63
142            android:authorities="com.facebook.app.FacebookContentProvider1571800773350547"
142-->src/main/AndroidManifest.xml:78:12-90
143            android:exported="true" />
143-->src/main/AndroidManifest.xml:79:12-35
144
145        <service
145-->[:firebase_database] AndroidManifest.xml:10:9-14:19
146            android:name="com.google.firebase.components.ComponentDiscoveryService"
146-->[:firebase_database] AndroidManifest.xml:10:18-89
147            android:directBootAware="true"
147-->[com.google.firebase:firebase-common:20.3.3] AndroidManifest.xml:34:13-43
148            android:exported="false" >
148-->[com.google.firebase:firebase-iid:21.1.0] AndroidManifest.xml:31:13-37
149            <meta-data
149-->[:firebase_database] AndroidManifest.xml:11:13-13:85
150                android:name="com.google.firebase.components:io.flutter.plugins.firebase.database.FlutterFirebaseAppRegistrar"
150-->[:firebase_database] AndroidManifest.xml:12:17-127
151                android:value="com.google.firebase.components.ComponentRegistrar" />
151-->[:firebase_database] AndroidManifest.xml:13:17-82
152            <meta-data
152-->[:firebase_messaging] AndroidManifest.xml:38:13-40:85
153                android:name="com.google.firebase.components:io.flutter.plugins.firebase.messaging.FlutterFirebaseAppRegistrar"
153-->[:firebase_messaging] AndroidManifest.xml:39:17-128
154                android:value="com.google.firebase.components.ComponentRegistrar" />
154-->[:firebase_messaging] AndroidManifest.xml:40:17-82
155            <meta-data
155-->[:firebase_app_check] AndroidManifest.xml:11:13-13:85
156                android:name="com.google.firebase.components:io.flutter.plugins.firebase.appcheck.FlutterFirebaseAppRegistrar"
156-->[:firebase_app_check] AndroidManifest.xml:12:17-127
157                android:value="com.google.firebase.components.ComponentRegistrar" />
157-->[:firebase_app_check] AndroidManifest.xml:13:17-82
158            <meta-data
158-->[:firebase_crashlytics] AndroidManifest.xml:11:13-13:85
159                android:name="com.google.firebase.components:io.flutter.plugins.firebase.crashlytics.FlutterFirebaseAppRegistrar"
159-->[:firebase_crashlytics] AndroidManifest.xml:12:17-130
160                android:value="com.google.firebase.components.ComponentRegistrar" />
160-->[:firebase_crashlytics] AndroidManifest.xml:13:17-82
161            <meta-data
161-->[:firebase_auth] AndroidManifest.xml:11:13-13:85
162                android:name="com.google.firebase.components:io.flutter.plugins.firebase.auth.FlutterFirebaseAuthRegistrar"
162-->[:firebase_auth] AndroidManifest.xml:12:17-124
163                android:value="com.google.firebase.components.ComponentRegistrar" />
163-->[:firebase_auth] AndroidManifest.xml:13:17-82
164            <meta-data
164-->[:firebase_core] AndroidManifest.xml:11:13-13:85
165                android:name="com.google.firebase.components:io.flutter.plugins.firebase.core.FlutterFirebaseCoreRegistrar"
165-->[:firebase_core] AndroidManifest.xml:12:17-124
166                android:value="com.google.firebase.components.ComponentRegistrar" />
166-->[:firebase_core] AndroidManifest.xml:13:17-82
167            <meta-data
167-->[com.google.firebase:firebase-iid:21.1.0] AndroidManifest.xml:32:13-34:85
168                android:name="com.google.firebase.components:com.google.firebase.iid.Registrar"
168-->[com.google.firebase:firebase-iid:21.1.0] AndroidManifest.xml:33:17-96
169                android:value="com.google.firebase.components.ComponentRegistrar" />
169-->[com.google.firebase:firebase-iid:21.1.0] AndroidManifest.xml:34:17-82
170            <meta-data
170-->[com.google.firebase:firebase-appcheck-safetynet:16.1.0] AndroidManifest.xml:27:13-29:85
171                android:name="com.google.firebase.components:com.google.firebase.appcheck.safetynet.FirebaseAppCheckSafetyNetRegistrar"
171-->[com.google.firebase:firebase-appcheck-safetynet:16.1.0] AndroidManifest.xml:28:17-136
172                android:value="com.google.firebase.components.ComponentRegistrar" />
172-->[com.google.firebase:firebase-appcheck-safetynet:16.1.0] AndroidManifest.xml:29:17-82
173            <meta-data
173-->[com.google.firebase:firebase-appcheck-debug:17.0.1] AndroidManifest.xml:27:13-29:85
174                android:name="com.google.firebase.components:com.google.firebase.appcheck.debug.FirebaseAppCheckDebugRegistrar"
174-->[com.google.firebase:firebase-appcheck-debug:17.0.1] AndroidManifest.xml:28:17-128
175                android:value="com.google.firebase.components.ComponentRegistrar" />
175-->[com.google.firebase:firebase-appcheck-debug:17.0.1] AndroidManifest.xml:29:17-82
176            <meta-data
176-->[com.google.firebase:firebase-appcheck-playintegrity:17.0.1] AndroidManifest.xml:27:13-29:85
177                android:name="com.google.firebase.components:com.google.firebase.appcheck.playintegrity.FirebaseAppCheckPlayIntegrityRegistrar"
177-->[com.google.firebase:firebase-appcheck-playintegrity:17.0.1] AndroidManifest.xml:28:17-144
178                android:value="com.google.firebase.components.ComponentRegistrar" />
178-->[com.google.firebase:firebase-appcheck-playintegrity:17.0.1] AndroidManifest.xml:29:17-82
179            <meta-data
179-->[com.google.firebase:firebase-messaging:23.2.0] AndroidManifest.xml:55:13-57:85
180                android:name="com.google.firebase.components:com.google.firebase.messaging.FirebaseMessagingRegistrar"
180-->[com.google.firebase:firebase-messaging:23.2.0] AndroidManifest.xml:56:17-119
181                android:value="com.google.firebase.components.ComponentRegistrar" />
181-->[com.google.firebase:firebase-messaging:23.2.0] AndroidManifest.xml:57:17-82
182            <meta-data
182-->[com.google.firebase:firebase-database:20.2.2] AndroidManifest.xml:31:13-33:85
183                android:name="com.google.firebase.components:com.google.firebase.database.DatabaseRegistrar"
183-->[com.google.firebase:firebase-database:20.2.2] AndroidManifest.xml:32:17-109
184                android:value="com.google.firebase.components.ComponentRegistrar" />
184-->[com.google.firebase:firebase-database:20.2.2] AndroidManifest.xml:33:17-82
185            <meta-data
185-->[com.google.firebase:firebase-appcheck:17.0.1] AndroidManifest.xml:27:13-29:85
186                android:name="com.google.firebase.components:com.google.firebase.appcheck.FirebaseAppCheckRegistrar"
186-->[com.google.firebase:firebase-appcheck:17.0.1] AndroidManifest.xml:28:17-117
187                android:value="com.google.firebase.components.ComponentRegistrar" />
187-->[com.google.firebase:firebase-appcheck:17.0.1] AndroidManifest.xml:29:17-82
188            <meta-data
188-->[com.google.firebase:firebase-auth:22.1.0] AndroidManifest.xml:69:13-71:85
189                android:name="com.google.firebase.components:com.google.firebase.auth.FirebaseAuthRegistrar"
189-->[com.google.firebase:firebase-auth:22.1.0] AndroidManifest.xml:70:17-109
190                android:value="com.google.firebase.components.ComponentRegistrar" />
190-->[com.google.firebase:firebase-auth:22.1.0] AndroidManifest.xml:71:17-82
191            <meta-data
191-->[com.google.firebase:firebase-crashlytics:18.4.0] AndroidManifest.xml:17:13-19:85
192                android:name="com.google.firebase.components:com.google.firebase.crashlytics.CrashlyticsRegistrar"
192-->[com.google.firebase:firebase-crashlytics:18.4.0] AndroidManifest.xml:18:17-115
193                android:value="com.google.firebase.components.ComponentRegistrar" />
193-->[com.google.firebase:firebase-crashlytics:18.4.0] AndroidManifest.xml:19:17-82
194            <meta-data
194-->[com.google.firebase:firebase-sessions:1.0.0] AndroidManifest.xml:27:13-29:85
195                android:name="com.google.firebase.components:com.google.firebase.sessions.FirebaseSessionsRegistrar"
195-->[com.google.firebase:firebase-sessions:1.0.0] AndroidManifest.xml:28:17-117
196                android:value="com.google.firebase.components.ComponentRegistrar" />
196-->[com.google.firebase:firebase-sessions:1.0.0] AndroidManifest.xml:29:17-82
197            <meta-data
197-->[com.google.firebase:firebase-installations:17.1.3] AndroidManifest.xml:17:13-19:85
198                android:name="com.google.firebase.components:com.google.firebase.installations.FirebaseInstallationsRegistrar"
198-->[com.google.firebase:firebase-installations:17.1.3] AndroidManifest.xml:18:17-127
199                android:value="com.google.firebase.components.ComponentRegistrar" />
199-->[com.google.firebase:firebase-installations:17.1.3] AndroidManifest.xml:19:17-82
200            <meta-data
200-->[com.google.firebase:firebase-datatransport:18.1.8] AndroidManifest.xml:27:13-29:85
201                android:name="com.google.firebase.components:com.google.firebase.datatransport.TransportRegistrar"
201-->[com.google.firebase:firebase-datatransport:18.1.8] AndroidManifest.xml:28:17-115
202                android:value="com.google.firebase.components.ComponentRegistrar" />
202-->[com.google.firebase:firebase-datatransport:18.1.8] AndroidManifest.xml:29:17-82
203            <meta-data
203-->[com.google.firebase:firebase-common-ktx:20.3.3] AndroidManifest.xml:14:13-16:85
204                android:name="com.google.firebase.components:com.google.firebase.ktx.FirebaseCommonKtxRegistrar"
204-->[com.google.firebase:firebase-common-ktx:20.3.3] AndroidManifest.xml:15:17-113
205                android:value="com.google.firebase.components.ComponentRegistrar" />
205-->[com.google.firebase:firebase-common-ktx:20.3.3] AndroidManifest.xml:16:17-82
206        </service>
207        <service
207-->[:firebase_messaging] AndroidManifest.xml:16:9-19:72
208            android:name="io.flutter.plugins.firebase.messaging.FlutterFirebaseMessagingBackgroundService"
208-->[:firebase_messaging] AndroidManifest.xml:17:13-107
209            android:exported="false"
209-->[:firebase_messaging] AndroidManifest.xml:18:13-37
210            android:permission="android.permission.BIND_JOB_SERVICE" />
210-->[:firebase_messaging] AndroidManifest.xml:19:13-69
211        <service
211-->[:firebase_messaging] AndroidManifest.xml:20:9-26:19
212            android:name="io.flutter.plugins.firebase.messaging.FlutterFirebaseMessagingService"
212-->[:firebase_messaging] AndroidManifest.xml:21:13-97
213            android:exported="false" >
213-->[:firebase_messaging] AndroidManifest.xml:22:13-37
214            <intent-filter>
214-->src/main/AndroidManifest.xml:71:5-73:21
215                <action android:name="com.google.firebase.MESSAGING_EVENT" />
215-->src/main/AndroidManifest.xml:72:9-70
215-->src/main/AndroidManifest.xml:72:17-67
216            </intent-filter>
217        </service>
218
219        <receiver
219-->[:firebase_messaging] AndroidManifest.xml:28:9-35:20
220            android:name="io.flutter.plugins.firebase.messaging.FlutterFirebaseMessagingReceiver"
220-->[:firebase_messaging] AndroidManifest.xml:29:13-98
221            android:exported="true"
221-->[:firebase_messaging] AndroidManifest.xml:30:13-36
222            android:permission="com.google.android.c2dm.permission.SEND" >
222-->[:firebase_messaging] AndroidManifest.xml:31:13-73
223            <intent-filter>
223-->[:firebase_messaging] AndroidManifest.xml:32:13-34:29
224                <action android:name="com.google.android.c2dm.intent.RECEIVE" />
224-->[:firebase_messaging] AndroidManifest.xml:33:17-81
224-->[:firebase_messaging] AndroidManifest.xml:33:25-78
225            </intent-filter>
226        </receiver>
227
228        <provider
228-->[:firebase_messaging] AndroidManifest.xml:43:9-47:38
229            android:name="io.flutter.plugins.firebase.messaging.FlutterFirebaseMessagingInitProvider"
229-->[:firebase_messaging] AndroidManifest.xml:44:13-102
230            android:authorities="com.odlay.eservices.ServicesApp.flutterfirebasemessaginginitprovider"
230-->[:firebase_messaging] AndroidManifest.xml:45:13-88
231            android:exported="false"
231-->[:firebase_messaging] AndroidManifest.xml:46:13-37
232            android:initOrder="99" />
232-->[:firebase_messaging] AndroidManifest.xml:47:13-35
233
234        <service
234-->[:geolocator_android] AndroidManifest.xml:12:9-16:56
235            android:name="com.baseflow.geolocator.GeolocatorLocationService"
235-->[:geolocator_android] AndroidManifest.xml:13:13-77
236            android:enabled="true"
236-->[:geolocator_android] AndroidManifest.xml:14:13-35
237            android:exported="false"
237-->[:geolocator_android] AndroidManifest.xml:15:13-37
238            android:foregroundServiceType="location" />
238-->[:geolocator_android] AndroidManifest.xml:16:13-53
239
240        <receiver
240-->[:flutter_local_notifications] AndroidManifest.xml:16:9-18:40
241            android:name="com.dexterous.flutterlocalnotifications.ActionBroadcastReceiver"
241-->[:flutter_local_notifications] AndroidManifest.xml:17:13-91
242            android:exported="false" />
242-->[:flutter_local_notifications] AndroidManifest.xml:18:13-37
243        <receiver
243-->[:flutter_local_notifications] AndroidManifest.xml:19:9-21:40
244            android:name="com.dexterous.flutterlocalnotifications.ScheduledNotificationReceiver"
244-->[:flutter_local_notifications] AndroidManifest.xml:20:13-97
245            android:exported="false" />
245-->[:flutter_local_notifications] AndroidManifest.xml:21:13-37
246        <receiver
246-->[:flutter_local_notifications] AndroidManifest.xml:22:9-31:20
247            android:name="com.dexterous.flutterlocalnotifications.ScheduledNotificationBootReceiver"
247-->[:flutter_local_notifications] AndroidManifest.xml:23:13-101
248            android:exported="false" >
248-->[:flutter_local_notifications] AndroidManifest.xml:24:13-37
249            <intent-filter>
249-->[:flutter_local_notifications] AndroidManifest.xml:25:13-30:29
250                <action android:name="android.intent.action.BOOT_COMPLETED" />
250-->[:flutter_local_notifications] AndroidManifest.xml:26:17-79
250-->[:flutter_local_notifications] AndroidManifest.xml:26:25-76
251                <action android:name="android.intent.action.MY_PACKAGE_REPLACED" />
251-->[:flutter_local_notifications] AndroidManifest.xml:27:17-84
251-->[:flutter_local_notifications] AndroidManifest.xml:27:25-81
252                <action android:name="android.intent.action.QUICKBOOT_POWERON" />
252-->[:flutter_local_notifications] AndroidManifest.xml:28:17-82
252-->[:flutter_local_notifications] AndroidManifest.xml:28:25-79
253                <action android:name="com.htc.intent.action.QUICKBOOT_POWERON" />
253-->[:flutter_local_notifications] AndroidManifest.xml:29:17-82
253-->[:flutter_local_notifications] AndroidManifest.xml:29:25-79
254            </intent-filter>
255        </receiver>
256
257        <provider
257-->[:image_picker_android] AndroidManifest.xml:10:9-18:20
258            android:name="io.flutter.plugins.imagepicker.ImagePickerFileProvider"
258-->[:image_picker_android] AndroidManifest.xml:11:13-82
259            android:authorities="com.odlay.eservices.ServicesApp.flutter.image_provider"
259-->[:image_picker_android] AndroidManifest.xml:12:13-74
260            android:exported="false"
260-->[:image_picker_android] AndroidManifest.xml:13:13-37
261            android:grantUriPermissions="true" >
261-->[:image_picker_android] AndroidManifest.xml:14:13-47
262            <meta-data
262-->[:image_picker_android] AndroidManifest.xml:15:13-17:75
263                android:name="android.support.FILE_PROVIDER_PATHS"
263-->[:image_picker_android] AndroidManifest.xml:16:17-67
264                android:resource="@xml/flutter_image_picker_file_paths" />
264-->[:image_picker_android] AndroidManifest.xml:17:17-72
265        </provider>
266
267        <activity
267-->[:url_launcher_android] AndroidManifest.xml:10:9-13:74
268            android:name="io.flutter.plugins.urllauncher.WebViewActivity"
268-->[:url_launcher_android] AndroidManifest.xml:11:13-74
269            android:exported="false"
269-->[:url_launcher_android] AndroidManifest.xml:12:13-37
270            android:theme="@android:style/Theme.NoTitleBar.Fullscreen" />
270-->[:url_launcher_android] AndroidManifest.xml:13:13-71
271
272        <service
272-->[:location] AndroidManifest.xml:13:9-17:56
273            android:name="com.lyokone.location.FlutterLocationService"
273-->[:location] AndroidManifest.xml:14:13-71
274            android:enabled="true"
274-->[:location] AndroidManifest.xml:15:13-35
275            android:exported="false"
275-->[:location] AndroidManifest.xml:16:13-37
276            android:foregroundServiceType="location" />
276-->[:location] AndroidManifest.xml:17:13-53
277
278        <activity